---
0xcb37f4304de8d1ca2df2474c6e3a00ab3e720462:0x0 *
0xcb37f4304de8d1ca2df2474c6e3a00ab3e720462:0x2 *
0xcb37f4304de8d1ca2df2474c6e3a00ab3e720462:0x4 *
0xcb37f4304de8d1ca2df2474c6e3a00ab3e720462:0x5 *
0xcb37f4304de8d1ca2df2474c6e3a00ab3e720462:0x6 *
0xcb37f4304de8d1ca2df2474c6e3a00ab3e720462:0x7 *
0xcb37f4304de8d1ca2df2474c6e3a00ab3e720462:0x8 *
0xcb37f4304de8d1ca2df2474c6e3a00ab3e720462:0xb *
0xcb37f4304de8d1ca2df2474c6e3a00ab3e720462:0x10 *
0xcb37f4304de8d1ca2df2474c6e3a00ab3e720462:0x11 *
0xcb37f4304de8d1ca2df2474c6e3a00ab3e720462:0x12 *
0xcb37f4304de8d1ca2df2474c6e3a00ab3e720462:0x13 *
0xcb37f4304de8d1ca2df2474c6e3a00ab3e720462:0x15 *
0xcb37f4304de8d1ca2df2474c6e3a00ab3e720462:0x17 *
0xcb37f4304de8d1ca2df2474c6e3a00ab3e720462:0x1a *
0xcb37f4304de8d1ca2df2474c6e3a00ab3e720462:0x1b *
0xcb37f4304de8d1ca2df2474c6e3a00ab3e720462:0x1c *
0xcb37f4304de8d1ca2df2474c6e3a00ab3e720462:0x1d *
0xcb37f4304de8d1ca2df2474c6e3a00ab3e720462:0x1e *
0xcb37f4304de8d1ca2df2474c6e3a00ab3e720462:0x33 *
0xcb37f4304de8d1ca2df2474c6e3a00ab3e720462:0x34 *
0xcb37f4304de8d1ca2df2474c6e3a00ab3e720462:0x35 *
0xcb37f4304de8d1ca2df2474c6e3a00ab3e720462:0x36 *
0xcb37f4304de8d1ca2df2474c6e3a00ab3e720462:0x37 *
0xcb37f4304de8d1ca2df2474c6e3a00ab3e720462:0x38 *
0xcb37f4304de8d1ca2df2474c6e3a00ab3e720462:0x4d *
0xcb37f4304de8d1ca2df2474c6e3a00ab3e720462:0x4e *
0xcb37f4304de8d1ca2df2474c6e3a00ab3e720462:0x4f *
0xcb37f4304de8d1ca2df2474c6e3a00ab3e720462:0x50 *
0xcb37f4304de8d1ca2df2474c6e3a00ab3e720462:0x51 *
0xcb37f4304de8d1ca2df2474c6e3a00ab3e720462:0x52 *
0xcb37f4304de8d1ca2df2474c6e3a00ab3e720462:0x53 *
0xcb37f4304de8d1ca2df2474c6e3a00ab3e720462:0x5d *
0xcb37f4304de8d1ca2df2474c6e3a00ab3e720462:0x5f *
0xcb37f4304de8d1ca2df2474c6e3a00ab3e720462:0x60 *
0xcb37f4304de8d1ca2df2474c6e3a00ab3e720462:0x61 *
0xcb37f4304de8d1ca2df2474c6e3a00ab3e720462:0x76 *
0xcb37f4304de8d1ca2df2474c6e3a00ab3e720462:0x77 *
0xcb37f4304de8d1ca2df2474c6e3a00ab3e720462:0x8c *
0xcb37f4304de8d1ca2df2474c6e3a00ab3e720462:0x8d *
0xcb37f4304de8d1ca2df2474c6e3a00ab3e720462:0x8e *
0xcb37f4304de8d1ca2df2474c6e3a00ab3e720462:0x8f *
0xcb37f4304de8d1ca2df2474c6e3a00ab3e720462:0x91 *
0xcb37f4304de8d1ca2df2474c6e3a00ab3e720462:0x92 *
0xcb37f4304de8d1ca2df2474c6e3a00ab3e720462:0x93 *
0xcb37f4304de8d1ca2df2474c6e3a00ab3e720462:0x94 *
0xcb37f4304de8d1ca2df2474c6e3a00ab3e720462:0x95 *
0xcb37f4304de8d1ca2df2474c6e3a00ab3e720462:0x97 *
0xcb37f4304de8d1ca2df2474c6e3a00ab3e720462:0x98 *
0xcb37f4304de8d1ca2df2474c6e3a00ab3e720462:0x9a *
0xcb37f4304de8d1ca2df2474c6e3a00ab3e720462:0x9b *
0xcb37f4304de8d1ca2df2474c6e3a00ab3e720462:0x9c *
0xcb37f4304de8d1ca2df2474c6e3a00ab3e720462:0x9d *
0xcb37f4304de8d1ca2df2474c6e3a00ab3e720462:0x9e *
0xcb37f4304de8d1ca2df2474c6e3a00ab3e720462:0x9f *
0xcb37f4304de8d1ca2df2474c6e3a00ab3e720462:0xa2 *
0xcb37f4304de8d1ca2df2474c6e3a00ab3e720462:0xa3 *
0xcb37f4304de8d1ca2df2474c6e3a00ab3e720462:0xa6 *
0xcb37f4304de8d1ca2df2474c6e3a00ab3e720462:0xa8 *
0xcb37f4304de8d1ca2df2474c6e3a00ab3e720462:0xa9 *
0xcb37f4304de8d1ca2df2474c6e3a00ab3e720462:0xab *
---
0xcb37f4304de8d1ca2df2474c6e3a00ab3e720462:0x0 
0xcb37f4304de8d1ca2df2474c6e3a00ab3e720462:0x2 
0xcb37f4304de8d1ca2df2474c6e3a00ab3e720462:0x4 
0xcb37f4304de8d1ca2df2474c6e3a00ab3e720462:0x5 
0xcb37f4304de8d1ca2df2474c6e3a00ab3e720462:0x7 
0xcb37f4304de8d1ca2df2474c6e3a00ab3e720462:0x8 
0xcb37f4304de8d1ca2df2474c6e3a00ab3e720462:0x9 
0xcb37f4304de8d1ca2df2474c6e3a00ab3e720462:0xc 
0xcb37f4304de8d1ca2df2474c6e3a00ab3e720462:0xd 
0xcb37f4304de8d1ca2df2474c6e3a00ab3e720462:0xf 
0xcb37f4304de8d1ca2df2474c6e3a00ab3e720462:0x10 
0xcb37f4304de8d1ca2df2474c6e3a00ab3e720462:0x12 
0xcb37f4304de8d1ca2df2474c6e3a00ab3e720462:0x13 
0xcb37f4304de8d1ca2df2474c6e3a00ab3e720462:0x14 
0xcb37f4304de8d1ca2df2474c6e3a00ab3e720462:0x19 
0xcb37f4304de8d1ca2df2474c6e3a00ab3e720462:0x1a 
0xcb37f4304de8d1ca2df2474c6e3a00ab3e720462:0x1d 
0xcb37f4304de8d1ca2df2474c6e3a00ab3e720462:0x1e 
0xcb37f4304de8d1ca2df2474c6e3a00ab3e720462:0x1f 
0xcb37f4304de8d1ca2df2474c6e3a00ab3e720462:0x24 
0xcb37f4304de8d1ca2df2474c6e3a00ab3e720462:0x25 
0xcb37f4304de8d1ca2df2474c6e3a00ab3e720462:0x28 
0xcb37f4304de8d1ca2df2474c6e3a00ab3e720462:0x29 
0xcb37f4304de8d1ca2df2474c6e3a00ab3e720462:0x2a 
0xcb37f4304de8d1ca2df2474c6e3a00ab3e720462:0x2f 
0xcb37f4304de8d1ca2df2474c6e3a00ab3e720462:0x30 
0xcb37f4304de8d1ca2df2474c6e3a00ab3e720462:0x33 
0xcb37f4304de8d1ca2df2474c6e3a00ab3e720462:0x34 
0xcb37f4304de8d1ca2df2474c6e3a00ab3e720462:0x35 
0xcb37f4304de8d1ca2df2474c6e3a00ab3e720462:0x3a 
0xcb37f4304de8d1ca2df2474c6e3a00ab3e720462:0x3b 
0xcb37f4304de8d1ca2df2474c6e3a00ab3e720462:0x3e 
0xcb37f4304de8d1ca2df2474c6e3a00ab3e720462:0x19d 
0xcb37f4304de8d1ca2df2474c6e3a00ab3e720462:0x19e 
0xcb37f4304de8d1ca2df2474c6e3a00ab3e720462:0x1a1 
0xcb37f4304de8d1ca2df2474c6e3a00ab3e720462:0x1a4 
0xcb37f4304de8d1ca2df2474c6e3a00ab3e720462:0x30b 
0xcb37f4304de8d1ca2df2474c6e3a00ab3e720462:0x30c 
0xcb37f4304de8d1ca2df2474c6e3a00ab3e720462:0x314 
0xcb37f4304de8d1ca2df2474c6e3a00ab3e720462:0x315 
0xcb37f4304de8d1ca2df2474c6e3a00ab3e720462:0x316 
0xcb37f4304de8d1ca2df2474c6e3a00ab3e720462:0x319 
0xcb37f4304de8d1ca2df2474c6e3a00ab3e720462:0x354 
0xcb37f4304de8d1ca2df2474c6e3a00ab3e720462:0x355 
0xcb37f4304de8d1ca2df2474c6e3a00ab3e720462:0x356 
0xcb37f4304de8d1ca2df2474c6e3a00ab3e720462:0x358 
0xcb37f4304de8d1ca2df2474c6e3a00ab3e720462:0x359 
0xcb37f4304de8d1ca2df2474c6e3a00ab3e720462:0x35a 
0xcb37f4304de8d1ca2df2474c6e3a00ab3e720462:0x36f 
0xcb37f4304de8d1ca2df2474c6e3a00ab3e720462:0x370 
0xcb37f4304de8d1ca2df2474c6e3a00ab3e720462:0x385 
0xcb37f4304de8d1ca2df2474c6e3a00ab3e720462:0x386 
0xcb37f4304de8d1ca2df2474c6e3a00ab3e720462:0x387 
0xcb37f4304de8d1ca2df2474c6e3a00ab3e720462:0x388 
0xcb37f4304de8d1ca2df2474c6e3a00ab3e720462:0x38a 
0xcb37f4304de8d1ca2df2474c6e3a00ab3e720462:0x38b 
0xcb37f4304de8d1ca2df2474c6e3a00ab3e720462:0x38c 
0xcb37f4304de8d1ca2df2474c6e3a00ab3e720462:0x38d 
0xcb37f4304de8d1ca2df2474c6e3a00ab3e720462:0x38e 
0xcb37f4304de8d1ca2df2474c6e3a00ab3e720462:0x390 
0xcb37f4304de8d1ca2df2474c6e3a00ab3e720462:0x391 
0xcb37f4304de8d1ca2df2474c6e3a00ab3e720462:0x393 
0xcb37f4304de8d1ca2df2474c6e3a00ab3e720462:0x394 
0xcb37f4304de8d1ca2df2474c6e3a00ab3e720462:0x396 
0xcb37f4304de8d1ca2df2474c6e3a00ab3e720462:0x397 
0xcb37f4304de8d1ca2df2474c6e3a00ab3e720462:0x398 
0xcb37f4304de8d1ca2df2474c6e3a00ab3e720462:0x399 
0xcb37f4304de8d1ca2df2474c6e3a00ab3e720462:0x39c 
0xcb37f4304de8d1ca2df2474c6e3a00ab3e720462:0x39d 
0xcb37f4304de8d1ca2df2474c6e3a00ab3e720462:0x39e 
0xcb37f4304de8d1ca2df2474c6e3a00ab3e720462:0x3a1 
0xcb37f4304de8d1ca2df2474c6e3a00ab3e720462:0x783 
0xcb37f4304de8d1ca2df2474c6e3a00ab3e720462:0x784 
0xcb37f4304de8d1ca2df2474c6e3a00ab3e720462:0x786 
0xcb37f4304de8d1ca2df2474c6e3a00ab3e720462:0x789 
0xcb37f4304de8d1ca2df2474c6e3a00ab3e720462:0x78a 
0xcb37f4304de8d1ca2df2474c6e3a00ab3e720462:0x78d 
0xcb37f4304de8d1ca2df2474c6e3a00ab3e720462:0x60c 
0xcb37f4304de8d1ca2df2474c6e3a00ab3e720462:0x60d 
0xcb37f4304de8d1ca2df2474c6e3a00ab3e720462:0x60f 
0xcb37f4304de8d1ca2df2474c6e3a00ab3e720462:0x610 
0xcb37f4304de8d1ca2df2474c6e3a00ab3e720462:0x611 
0xcb37f4304de8d1ca2df2474c6e3a00ab3e720462:0x612 
0xcb37f4304de8d1ca2df2474c6e3a00ab3e720462:0x613 
0xcb37f4304de8d1ca2df2474c6e3a00ab3e720462:0x614 
0xcb37f4304de8d1ca2df2474c6e3a00ab3e720462:0x615 
0xcb37f4304de8d1ca2df2474c6e3a00ab3e720462:0x78e 
0xcb37f4304de8d1ca2df2474c6e3a00ab3e720462:0x78f 
0xcb37f4304de8d1ca2df2474c6e3a00ab3e720462:0x790 
0xcb37f4304de8d1ca2df2474c6e3a00ab3e720462:0x791 
0xcb37f4304de8d1ca2df2474c6e3a00ab3e720462:0x794 
0xcb37f4304de8d1ca2df2474c6e3a00ab3e720462:0x795 
0xcb37f4304de8d1ca2df2474c6e3a00ab3e720462:0x798 
0xcb37f4304de8d1ca2df2474c6e3a00ab3e720462:0x60c 
0xcb37f4304de8d1ca2df2474c6e3a00ab3e720462:0x60d 
0xcb37f4304de8d1ca2df2474c6e3a00ab3e720462:0x60f 
0xcb37f4304de8d1ca2df2474c6e3a00ab3e720462:0x610 
0xcb37f4304de8d1ca2df2474c6e3a00ab3e720462:0x611 
0xcb37f4304de8d1ca2df2474c6e3a00ab3e720462:0x612 
0xcb37f4304de8d1ca2df2474c6e3a00ab3e720462:0x613 
0xcb37f4304de8d1ca2df2474c6e3a00ab3e720462:0x614 
0xcb37f4304de8d1ca2df2474c6e3a00ab3e720462:0x615 
0xcb37f4304de8d1ca2df2474c6e3a00ab3e720462:0x799 
0xcb37f4304de8d1ca2df2474c6e3a00ab3e720462:0x79a 
0xcb37f4304de8d1ca2df2474c6e3a00ab3e720462:0x79b 
0xcb37f4304de8d1ca2df2474c6e3a00ab3e720462:0x79c 
0xcb37f4304de8d1ca2df2474c6e3a00ab3e720462:0x79d 
0xcb37f4304de8d1ca2df2474c6e3a00ab3e720462:0x7be 
0xcb37f4304de8d1ca2df2474c6e3a00ab3e720462:0x7bf 
0xcb37f4304de8d1ca2df2474c6e3a00ab3e720462:0x7c0 
0xcb37f4304de8d1ca2df2474c6e3a00ab3e720462:0x7c1 
0xcb37f4304de8d1ca2df2474c6e3a00ab3e720462:0x7c2 
0xcb37f4304de8d1ca2df2474c6e3a00ab3e720462:0x7c5 
0xcb37f4304de8d1ca2df2474c6e3a00ab3e720462:0x7ce 
0xcb37f4304de8d1ca2df2474c6e3a00ab3e720462:0x7cf 
0xcb37f4304de8d1ca2df2474c6e3a00ab3e720462:0x7d0 
0xcb37f4304de8d1ca2df2474c6e3a00ab3e720462:0x7d1 
0xcb37f4304de8d1ca2df2474c6e3a00ab3e720462:0x7d2 
0xcb37f4304de8d1ca2df2474c6e3a00ab3e720462:0x7d3 
0xcb37f4304de8d1ca2df2474c6e3a00ab3e720462:0x7d4 
0xcb37f4304de8d1ca2df2474c6e3a00ab3e720462:0x7d5 
0xcb37f4304de8d1ca2df2474c6e3a00ab3e720462:0x7d6 
0xcb37f4304de8d1ca2df2474c6e3a00ab3e720462:0x7d7 
0xcb37f4304de8d1ca2df2474c6e3a00ab3e720462:0x7d8 
0xcb37f4304de8d1ca2df2474c6e3a00ab3e720462:0x3a2 
0xcb37f4304de8d1ca2df2474c6e3a00ab3e720462:0x3a3 
0xcb37f4304de8d1ca2df2474c6e3a00ab3e720462:0x3a4 
0xcb37f4304de8d1ca2df2474c6e3a00ab3e720462:0x3a5 
0xcb37f4304de8d1ca2df2474c6e3a00ab3e720462:0x3a6 
0xcb37f4304de8d1ca2df2474c6e3a00ab3e720462:0x3a7 
0xcb37f4304de8d1ca2df2474c6e3a00ab3e720462:0x3a8 
0xcb37f4304de8d1ca2df2474c6e3a00ab3e720462:0x3a9 
0xcb37f4304de8d1ca2df2474c6e3a00ab3e720462:0x3aa 
0xcb37f4304de8d1ca2df2474c6e3a00ab3e720462:0x3ac 
0xcb37f4304de8d1ca2df2474c6e3a00ab3e720462:0x3ad 
0xcb37f4304de8d1ca2df2474c6e3a00ab3e720462:0x3af 
0xcb37f4304de8d1ca2df2474c6e3a00ab3e720462:0x3b1 
0xcb37f4304de8d1ca2df2474c6e3a00ab3e720462:0x3b2 
0xcb37f4304de8d1ca2df2474c6e3a00ab3e720462:0x3b3 
0xcb37f4304de8d1ca2df2474c6e3a00ab3e720462:0x3b4 
0xcb37f4304de8d1ca2df2474c6e3a00ab3e720462:0x3b7 
0xcb37f4304de8d1ca2df2474c6e3a00ab3e720462:0x3b8 
0xcb37f4304de8d1ca2df2474c6e3a00ab3e720462:0x3b9 
0xcb37f4304de8d1ca2df2474c6e3a00ab3e720462:0x3ba 
0xcb37f4304de8d1ca2df2474c6e3a00ab3e720462:0x3cf 
0xcb37f4304de8d1ca2df2474c6e3a00ab3e720462:0x3d0 
0xcb37f4304de8d1ca2df2474c6e3a00ab3e720462:0x3e5 
0xcb37f4304de8d1ca2df2474c6e3a00ab3e720462:0x3e6 
0xcb37f4304de8d1ca2df2474c6e3a00ab3e720462:0x3fb 
0xcb37f4304de8d1ca2df2474c6e3a00ab3e720462:0x3fc 
0xcb37f4304de8d1ca2df2474c6e3a00ab3e720462:0x3fd 
0xcb37f4304de8d1ca2df2474c6e3a00ab3e720462:0x3fe 
0xcb37f4304de8d1ca2df2474c6e3a00ab3e720462:0x400 
0xcb37f4304de8d1ca2df2474c6e3a00ab3e720462:0x401 
0xcb37f4304de8d1ca2df2474c6e3a00ab3e720462:0x402 
0xcb37f4304de8d1ca2df2474c6e3a00ab3e720462:0x403 
0xcb37f4304de8d1ca2df2474c6e3a00ab3e720462:0x404 
0xcb37f4304de8d1ca2df2474c6e3a00ab3e720462:0x406 
0xcb37f4304de8d1ca2df2474c6e3a00ab3e720462:0x407 
0xcb37f4304de8d1ca2df2474c6e3a00ab3e720462:0x409 
0xcb37f4304de8d1ca2df2474c6e3a00ab3e720462:0x40a 
0xcb37f4304de8d1ca2df2474c6e3a00ab3e720462:0x40b 
0xcb37f4304de8d1ca2df2474c6e3a00ab3e720462:0x40d 
0xcb37f4304de8d1ca2df2474c6e3a00ab3e720462:0x40e 
0xcb37f4304de8d1ca2df2474c6e3a00ab3e720462:0x40f 
0xcb37f4304de8d1ca2df2474c6e3a00ab3e720462:0x424 
0xcb37f4304de8d1ca2df2474c6e3a00ab3e720462:0x425 
0xcb37f4304de8d1ca2df2474c6e3a00ab3e720462:0x43a 
0xcb37f4304de8d1ca2df2474c6e3a00ab3e720462:0x43b 
0xcb37f4304de8d1ca2df2474c6e3a00ab3e720462:0x43c 
0xcb37f4304de8d1ca2df2474c6e3a00ab3e720462:0x43d 
0xcb37f4304de8d1ca2df2474c6e3a00ab3e720462:0x43f 
0xcb37f4304de8d1ca2df2474c6e3a00ab3e720462:0x440 
0xcb37f4304de8d1ca2df2474c6e3a00ab3e720462:0x441 
0xcb37f4304de8d1ca2df2474c6e3a00ab3e720462:0x442 
0xcb37f4304de8d1ca2df2474c6e3a00ab3e720462:0x443 
0xcb37f4304de8d1ca2df2474c6e3a00ab3e720462:0x445 
0xcb37f4304de8d1ca2df2474c6e3a00ab3e720462:0x446 
0xcb37f4304de8d1ca2df2474c6e3a00ab3e720462:0x448 
0xcb37f4304de8d1ca2df2474c6e3a00ab3e720462:0x449 
0xcb37f4304de8d1ca2df2474c6e3a00ab3e720462:0x44a 
0xcb37f4304de8d1ca2df2474c6e3a00ab3e720462:0x44b 
0xcb37f4304de8d1ca2df2474c6e3a00ab3e720462:0x44c 
0xcb37f4304de8d1ca2df2474c6e3a00ab3e720462:0x44f 
0xcb37f4304de8d1ca2df2474c6e3a00ab3e720462:0x491 
0xcb37f4304de8d1ca2df2474c6e3a00ab3e720462:0x492 
0xcb37f4304de8d1ca2df2474c6e3a00ab3e720462:0x1a5 
0xcb37f4304de8d1ca2df2474c6e3a00ab3e720462:0x1a6 
---
0xcb37f4304de8d1ca2df2474c6e3a00ab3e720462:0x0 
0xcb37f4304de8d1ca2df2474c6e3a00ab3e720462:0x2 
0xcb37f4304de8d1ca2df2474c6e3a00ab3e720462:0x4 
0xcb37f4304de8d1ca2df2474c6e3a00ab3e720462:0x5 
0xcb37f4304de8d1ca2df2474c6e3a00ab3e720462:0x7 
0xcb37f4304de8d1ca2df2474c6e3a00ab3e720462:0x8 
0xcb37f4304de8d1ca2df2474c6e3a00ab3e720462:0x9 
0xcb37f4304de8d1ca2df2474c6e3a00ab3e720462:0xc 
0xcb37f4304de8d1ca2df2474c6e3a00ab3e720462:0xd 
0xcb37f4304de8d1ca2df2474c6e3a00ab3e720462:0xf 
0xcb37f4304de8d1ca2df2474c6e3a00ab3e720462:0x10 
0xcb37f4304de8d1ca2df2474c6e3a00ab3e720462:0x12 
0xcb37f4304de8d1ca2df2474c6e3a00ab3e720462:0x13 
0xcb37f4304de8d1ca2df2474c6e3a00ab3e720462:0x14 
0xcb37f4304de8d1ca2df2474c6e3a00ab3e720462:0x19 
0xcb37f4304de8d1ca2df2474c6e3a00ab3e720462:0x1a 
0xcb37f4304de8d1ca2df2474c6e3a00ab3e720462:0x1d 
0xcb37f4304de8d1ca2df2474c6e3a00ab3e720462:0x1e 
0xcb37f4304de8d1ca2df2474c6e3a00ab3e720462:0x1f 
0xcb37f4304de8d1ca2df2474c6e3a00ab3e720462:0x24 
0xcb37f4304de8d1ca2df2474c6e3a00ab3e720462:0x25 
0xcb37f4304de8d1ca2df2474c6e3a00ab3e720462:0x28 
0xcb37f4304de8d1ca2df2474c6e3a00ab3e720462:0x29 
0xcb37f4304de8d1ca2df2474c6e3a00ab3e720462:0x2a 
0xcb37f4304de8d1ca2df2474c6e3a00ab3e720462:0x2f 
0xcb37f4304de8d1ca2df2474c6e3a00ab3e720462:0x30 
0xcb37f4304de8d1ca2df2474c6e3a00ab3e720462:0x33 
0xcb37f4304de8d1ca2df2474c6e3a00ab3e720462:0x34 
0xcb37f4304de8d1ca2df2474c6e3a00ab3e720462:0x35 
0xcb37f4304de8d1ca2df2474c6e3a00ab3e720462:0x3a 
0xcb37f4304de8d1ca2df2474c6e3a00ab3e720462:0x3b 
0xcb37f4304de8d1ca2df2474c6e3a00ab3e720462:0x3e 
0xcb37f4304de8d1ca2df2474c6e3a00ab3e720462:0x3f 
0xcb37f4304de8d1ca2df2474c6e3a00ab3e720462:0x40 
0xcb37f4304de8d1ca2df2474c6e3a00ab3e720462:0x45 
0xcb37f4304de8d1ca2df2474c6e3a00ab3e720462:0x46 
0xcb37f4304de8d1ca2df2474c6e3a00ab3e720462:0x49 
0xcb37f4304de8d1ca2df2474c6e3a00ab3e720462:0x4a 
0xcb37f4304de8d1ca2df2474c6e3a00ab3e720462:0x4d 
0xcb37f4304de8d1ca2df2474c6e3a00ab3e720462:0x4f 
0xcb37f4304de8d1ca2df2474c6e3a00ab3e720462:0x50 
0xcb37f4304de8d1ca2df2474c6e3a00ab3e720462:0x52 
0xcb37f4304de8d1ca2df2474c6e3a00ab3e720462:0x53 
0xcb37f4304de8d1ca2df2474c6e3a00ab3e720462:0x54 
0xcb37f4304de8d1ca2df2474c6e3a00ab3e720462:0x55 
0xcb37f4304de8d1ca2df2474c6e3a00ab3e720462:0x56 
0xcb37f4304de8d1ca2df2474c6e3a00ab3e720462:0x59 
0xcb37f4304de8d1ca2df2474c6e3a00ab3e720462:0x5a 
0xcb37f4304de8d1ca2df2474c6e3a00ab3e720462:0x5b 
0xcb37f4304de8d1ca2df2474c6e3a00ab3e720462:0x5d 
0xcb37f4304de8d1ca2df2474c6e3a00ab3e720462:0x5e 
0xcb37f4304de8d1ca2df2474c6e3a00ab3e720462:0x60 
0xcb37f4304de8d1ca2df2474c6e3a00ab3e720462:0x61 
0xcb37f4304de8d1ca2df2474c6e3a00ab3e720462:0x76 
0xcb37f4304de8d1ca2df2474c6e3a00ab3e720462:0x77 
0xcb37f4304de8d1ca2df2474c6e3a00ab3e720462:0x8c 
0xcb37f4304de8d1ca2df2474c6e3a00ab3e720462:0x8d 
0xcb37f4304de8d1ca2df2474c6e3a00ab3e720462:0x8e 
0xcb37f4304de8d1ca2df2474c6e3a00ab3e720462:0x8f 
0xcb37f4304de8d1ca2df2474c6e3a00ab3e720462:0x91 
0xcb37f4304de8d1ca2df2474c6e3a00ab3e720462:0x92 
0xcb37f4304de8d1ca2df2474c6e3a00ab3e720462:0x93 
0xcb37f4304de8d1ca2df2474c6e3a00ab3e720462:0x94 
0xcb37f4304de8d1ca2df2474c6e3a00ab3e720462:0x95 
0xcb37f4304de8d1ca2df2474c6e3a00ab3e720462:0x97 
0xcb37f4304de8d1ca2df2474c6e3a00ab3e720462:0x98 
0xcb37f4304de8d1ca2df2474c6e3a00ab3e720462:0x9a 
0xcb37f4304de8d1ca2df2474c6e3a00ab3e720462:0x9b 
0xcb37f4304de8d1ca2df2474c6e3a00ab3e720462:0x9c 
0xcb37f4304de8d1ca2df2474c6e3a00ab3e720462:0x9d 
0xcb37f4304de8d1ca2df2474c6e3a00ab3e720462:0x9e 
0xcb37f4304de8d1ca2df2474c6e3a00ab3e720462:0xa1 
0xcb37f4304de8d1ca2df2474c6e3a00ab3e720462:0xdc 
0xcb37f4304de8d1ca2df2474c6e3a00ab3e720462:0xdd 
0xcb37f4304de8d1ca2df2474c6e3a00ab3e720462:0xde 
0xcb37f4304de8d1ca2df2474c6e3a00ab3e720462:0xe0 
0xcb37f4304de8d1ca2df2474c6e3a00ab3e720462:0xe2 
0xcb37f4304de8d1ca2df2474c6e3a00ab3e720462:0xe5 
0xcb37f4304de8d1ca2df2474c6e3a00ab3e720462:0xe6 
0xcb37f4304de8d1ca2df2474c6e3a00ab3e720462:0xe7 
0xcb37f4304de8d1ca2df2474c6e3a00ab3e720462:0xe8 
0xcb37f4304de8d1ca2df2474c6e3a00ab3e720462:0xe9 
0xcb37f4304de8d1ca2df2474c6e3a00ab3e720462:0xfe 
0xcb37f4304de8d1ca2df2474c6e3a00ab3e720462:0xff 
0xcb37f4304de8d1ca2df2474c6e3a00ab3e720462:0x100 
0xcb37f4304de8d1ca2df2474c6e3a00ab3e720462:0x101 
0xcb37f4304de8d1ca2df2474c6e3a00ab3e720462:0x102 
0xcb37f4304de8d1ca2df2474c6e3a00ab3e720462:0x103 
0xcb37f4304de8d1ca2df2474c6e3a00ab3e720462:0x118 
0xcb37f4304de8d1ca2df2474c6e3a00ab3e720462:0x119 
0xcb37f4304de8d1ca2df2474c6e3a00ab3e720462:0x11a 
0xcb37f4304de8d1ca2df2474c6e3a00ab3e720462:0x11b 
0xcb37f4304de8d1ca2df2474c6e3a00ab3e720462:0x11c 
0xcb37f4304de8d1ca2df2474c6e3a00ab3e720462:0x11d 
---
0xcb37f4304de8d1ca2df2474c6e3a00ab3e720462:0x0 
0xcb37f4304de8d1ca2df2474c6e3a00ab3e720462:0x2 
0xcb37f4304de8d1ca2df2474c6e3a00ab3e720462:0x4 
0xcb37f4304de8d1ca2df2474c6e3a00ab3e720462:0x5 
0xcb37f4304de8d1ca2df2474c6e3a00ab3e720462:0x7 
0xcb37f4304de8d1ca2df2474c6e3a00ab3e720462:0x8 
0xcb37f4304de8d1ca2df2474c6e3a00ab3e720462:0x9 
0xcb37f4304de8d1ca2df2474c6e3a00ab3e720462:0xc 
0xcb37f4304de8d1ca2df2474c6e3a00ab3e720462:0xd 
0xcb37f4304de8d1ca2df2474c6e3a00ab3e720462:0xf 
0xcb37f4304de8d1ca2df2474c6e3a00ab3e720462:0x10 
0xcb37f4304de8d1ca2df2474c6e3a00ab3e720462:0x12 
0xcb37f4304de8d1ca2df2474c6e3a00ab3e720462:0x13 
0xcb37f4304de8d1ca2df2474c6e3a00ab3e720462:0x14 
0xcb37f4304de8d1ca2df2474c6e3a00ab3e720462:0x19 
0xcb37f4304de8d1ca2df2474c6e3a00ab3e720462:0x1a 
0xcb37f4304de8d1ca2df2474c6e3a00ab3e720462:0x1d 
0xcb37f4304de8d1ca2df2474c6e3a00ab3e720462:0x1e 
0xcb37f4304de8d1ca2df2474c6e3a00ab3e720462:0x1f 
0xcb37f4304de8d1ca2df2474c6e3a00ab3e720462:0x24 
0xcb37f4304de8d1ca2df2474c6e3a00ab3e720462:0x25 
0xcb37f4304de8d1ca2df2474c6e3a00ab3e720462:0x28 
0xcb37f4304de8d1ca2df2474c6e3a00ab3e720462:0x29 
0xcb37f4304de8d1ca2df2474c6e3a00ab3e720462:0x2a 
0xcb37f4304de8d1ca2df2474c6e3a00ab3e720462:0x2f 
0xcb37f4304de8d1ca2df2474c6e3a00ab3e720462:0x30 
0xcb37f4304de8d1ca2df2474c6e3a00ab3e720462:0x33 
0xcb37f4304de8d1ca2df2474c6e3a00ab3e720462:0x34 
0xcb37f4304de8d1ca2df2474c6e3a00ab3e720462:0x35 
0xcb37f4304de8d1ca2df2474c6e3a00ab3e720462:0x3a 
0xcb37f4304de8d1ca2df2474c6e3a00ab3e720462:0x3b 
0xcb37f4304de8d1ca2df2474c6e3a00ab3e720462:0x3e 
0xcb37f4304de8d1ca2df2474c6e3a00ab3e720462:0x3f 
0xcb37f4304de8d1ca2df2474c6e3a00ab3e720462:0x40 
0xcb37f4304de8d1ca2df2474c6e3a00ab3e720462:0x45 
0xcb37f4304de8d1ca2df2474c6e3a00ab3e720462:0x46 
0xcb37f4304de8d1ca2df2474c6e3a00ab3e720462:0x49 
0xcb37f4304de8d1ca2df2474c6e3a00ab3e720462:0x1a7 
0xcb37f4304de8d1ca2df2474c6e3a00ab3e720462:0x1a8 
0xcb37f4304de8d1ca2df2474c6e3a00ab3e720462:0x1a9 
0xcb37f4304de8d1ca2df2474c6e3a00ab3e720462:0x1aa 
0xcb37f4304de8d1ca2df2474c6e3a00ab3e720462:0x1ab 
0xcb37f4304de8d1ca2df2474c6e3a00ab3e720462:0x1ae 
0xcb37f4304de8d1ca2df2474c6e3a00ab3e720462:0x1b3 
0xcb37f4304de8d1ca2df2474c6e3a00ab3e720462:0x1b4 
0xcb37f4304de8d1ca2df2474c6e3a00ab3e720462:0x1b5 
0xcb37f4304de8d1ca2df2474c6e3a00ab3e720462:0x1b8 
0xcb37f4304de8d1ca2df2474c6e3a00ab3e720462:0x1bb 
0xcb37f4304de8d1ca2df2474c6e3a00ab3e720462:0x493 
0xcb37f4304de8d1ca2df2474c6e3a00ab3e720462:0x494 
0xcb37f4304de8d1ca2df2474c6e3a00ab3e720462:0x496 
0xcb37f4304de8d1ca2df2474c6e3a00ab3e720462:0x497 
0xcb37f4304de8d1ca2df2474c6e3a00ab3e720462:0x499 
0xcb37f4304de8d1ca2df2474c6e3a00ab3e720462:0x49a 
0xcb37f4304de8d1ca2df2474c6e3a00ab3e720462:0x4af 
0xcb37f4304de8d1ca2df2474c6e3a00ab3e720462:0x4b0 
0xcb37f4304de8d1ca2df2474c6e3a00ab3e720462:0x4c5 
0xcb37f4304de8d1ca2df2474c6e3a00ab3e720462:0x4c6 
0xcb37f4304de8d1ca2df2474c6e3a00ab3e720462:0x4c7 
0xcb37f4304de8d1ca2df2474c6e3a00ab3e720462:0x4c8 
0xcb37f4304de8d1ca2df2474c6e3a00ab3e720462:0x4ca 
0xcb37f4304de8d1ca2df2474c6e3a00ab3e720462:0x4cb 
0xcb37f4304de8d1ca2df2474c6e3a00ab3e720462:0x4cc 
0xcb37f4304de8d1ca2df2474c6e3a00ab3e720462:0x4cd 
0xcb37f4304de8d1ca2df2474c6e3a00ab3e720462:0x4ce 
0xcb37f4304de8d1ca2df2474c6e3a00ab3e720462:0x4d0 
0xcb37f4304de8d1ca2df2474c6e3a00ab3e720462:0x4d1 
0xcb37f4304de8d1ca2df2474c6e3a00ab3e720462:0x4d3 
0xcb37f4304de8d1ca2df2474c6e3a00ab3e720462:0x4d4 
0xcb37f4304de8d1ca2df2474c6e3a00ab3e720462:0x4d5 
0xcb37f4304de8d1ca2df2474c6e3a00ab3e720462:0x4d6 
0xcb37f4304de8d1ca2df2474c6e3a00ab3e720462:0x4d7 
0xcb37f4304de8d1ca2df2474c6e3a00ab3e720462:0x4d8 
0xcb37f4304de8d1ca2df2474c6e3a00ab3e720462:0x1bc 
0xcb37f4304de8d1ca2df2474c6e3a00ab3e720462:0x1bd 
0xcb37f4304de8d1ca2df2474c6e3a00ab3e720462:0x1bf 
0xcb37f4304de8d1ca2df2474c6e3a00ab3e720462:0x1c0 
0xcb37f4304de8d1ca2df2474c6e3a00ab3e720462:0x1c3 
0xcb37f4304de8d1ca2df2474c6e3a00ab3e720462:0x1c4 
0xcb37f4304de8d1ca2df2474c6e3a00ab3e720462:0x1c5 
0xcb37f4304de8d1ca2df2474c6e3a00ab3e720462:0x1c8 
0xcb37f4304de8d1ca2df2474c6e3a00ab3e720462:0x625 
0xcb37f4304de8d1ca2df2474c6e3a00ab3e720462:0x626 
0xcb37f4304de8d1ca2df2474c6e3a00ab3e720462:0x628 
0xcb37f4304de8d1ca2df2474c6e3a00ab3e720462:0x62a 
0xcb37f4304de8d1ca2df2474c6e3a00ab3e720462:0x62b 
0xcb37f4304de8d1ca2df2474c6e3a00ab3e720462:0x62c 
0xcb37f4304de8d1ca2df2474c6e3a00ab3e720462:0x62d 
0xcb37f4304de8d1ca2df2474c6e3a00ab3e720462:0x62e 
0xcb37f4304de8d1ca2df2474c6e3a00ab3e720462:0x631 
0xcb37f4304de8d1ca2df2474c6e3a00ab3e720462:0x633 
0xcb37f4304de8d1ca2df2474c6e3a00ab3e720462:0x634 
0xcb37f4304de8d1ca2df2474c6e3a00ab3e720462:0x635 
0xcb37f4304de8d1ca2df2474c6e3a00ab3e720462:0x636 
0xcb37f4304de8d1ca2df2474c6e3a00ab3e720462:0x639 
0xcb37f4304de8d1ca2df2474c6e3a00ab3e720462:0x616 
0xcb37f4304de8d1ca2df2474c6e3a00ab3e720462:0x617 
0xcb37f4304de8d1ca2df2474c6e3a00ab3e720462:0x61a 
0xcb37f4304de8d1ca2df2474c6e3a00ab3e720462:0x61b 
0xcb37f4304de8d1ca2df2474c6e3a00ab3e720462:0x61e 
0xcb37f4304de8d1ca2df2474c6e3a00ab3e720462:0x60c 
0xcb37f4304de8d1ca2df2474c6e3a00ab3e720462:0x60d 
0xcb37f4304de8d1ca2df2474c6e3a00ab3e720462:0x60f 
0xcb37f4304de8d1ca2df2474c6e3a00ab3e720462:0x610 
0xcb37f4304de8d1ca2df2474c6e3a00ab3e720462:0x611 
0xcb37f4304de8d1ca2df2474c6e3a00ab3e720462:0x612 
0xcb37f4304de8d1ca2df2474c6e3a00ab3e720462:0x613 
0xcb37f4304de8d1ca2df2474c6e3a00ab3e720462:0x614 
0xcb37f4304de8d1ca2df2474c6e3a00ab3e720462:0x615 
0xcb37f4304de8d1ca2df2474c6e3a00ab3e720462:0x61f 
0xcb37f4304de8d1ca2df2474c6e3a00ab3e720462:0x620 
0xcb37f4304de8d1ca2df2474c6e3a00ab3e720462:0x621 
0xcb37f4304de8d1ca2df2474c6e3a00ab3e720462:0x622 
0xcb37f4304de8d1ca2df2474c6e3a00ab3e720462:0x623 
0xcb37f4304de8d1ca2df2474c6e3a00ab3e720462:0x624 
0xcb37f4304de8d1ca2df2474c6e3a00ab3e720462:0x63a 
0xcb37f4304de8d1ca2df2474c6e3a00ab3e720462:0x63b 
0xcb37f4304de8d1ca2df2474c6e3a00ab3e720462:0x63c 
0xcb37f4304de8d1ca2df2474c6e3a00ab3e720462:0x63d 
0xcb37f4304de8d1ca2df2474c6e3a00ab3e720462:0x63e 
0xcb37f4304de8d1ca2df2474c6e3a00ab3e720462:0x63f 
0xcb37f4304de8d1ca2df2474c6e3a00ab3e720462:0x1c9 
0xcb37f4304de8d1ca2df2474c6e3a00ab3e720462:0x1ca 
0xcb37f4304de8d1ca2df2474c6e3a00ab3e720462:0x1cc 
0xcb37f4304de8d1ca2df2474c6e3a00ab3e720462:0x1cd 
0xcb37f4304de8d1ca2df2474c6e3a00ab3e720462:0x1ce 
0xcb37f4304de8d1ca2df2474c6e3a00ab3e720462:0x1cf 
0xcb37f4304de8d1ca2df2474c6e3a00ab3e720462:0x1d0 
0xcb37f4304de8d1ca2df2474c6e3a00ab3e720462:0x1d1 
---
0xcb37f4304de8d1ca2df2474c6e3a00ab3e720462:0x0 
0xcb37f4304de8d1ca2df2474c6e3a00ab3e720462:0x2 
0xcb37f4304de8d1ca2df2474c6e3a00ab3e720462:0x4 
0xcb37f4304de8d1ca2df2474c6e3a00ab3e720462:0x5 
0xcb37f4304de8d1ca2df2474c6e3a00ab3e720462:0x7 
0xcb37f4304de8d1ca2df2474c6e3a00ab3e720462:0x8 
0xcb37f4304de8d1ca2df2474c6e3a00ab3e720462:0x9 
0xcb37f4304de8d1ca2df2474c6e3a00ab3e720462:0xc 
0xcb37f4304de8d1ca2df2474c6e3a00ab3e720462:0xd 
0xcb37f4304de8d1ca2df2474c6e3a00ab3e720462:0xf 
0xcb37f4304de8d1ca2df2474c6e3a00ab3e720462:0x10 
0xcb37f4304de8d1ca2df2474c6e3a00ab3e720462:0x12 
0xcb37f4304de8d1ca2df2474c6e3a00ab3e720462:0x13 
0xcb37f4304de8d1ca2df2474c6e3a00ab3e720462:0x14 
0xcb37f4304de8d1ca2df2474c6e3a00ab3e720462:0x19 
0xcb37f4304de8d1ca2df2474c6e3a00ab3e720462:0x1a 
0xcb37f4304de8d1ca2df2474c6e3a00ab3e720462:0x1d 
0xcb37f4304de8d1ca2df2474c6e3a00ab3e720462:0x11e 
0xcb37f4304de8d1ca2df2474c6e3a00ab3e720462:0x11f 
0xcb37f4304de8d1ca2df2474c6e3a00ab3e720462:0x120 
0xcb37f4304de8d1ca2df2474c6e3a00ab3e720462:0x121 
0xcb37f4304de8d1ca2df2474c6e3a00ab3e720462:0x122 
0xcb37f4304de8d1ca2df2474c6e3a00ab3e720462:0x125 
0xcb37f4304de8d1ca2df2474c6e3a00ab3e720462:0x12a 
0xcb37f4304de8d1ca2df2474c6e3a00ab3e720462:0x12b 
0xcb37f4304de8d1ca2df2474c6e3a00ab3e720462:0x12c 
0xcb37f4304de8d1ca2df2474c6e3a00ab3e720462:0x12f 
0xcb37f4304de8d1ca2df2474c6e3a00ab3e720462:0x132 
0xcb37f4304de8d1ca2df2474c6e3a00ab3e720462:0x1d2 
0xcb37f4304de8d1ca2df2474c6e3a00ab3e720462:0x1d3 
0xcb37f4304de8d1ca2df2474c6e3a00ab3e720462:0x1d5 
0xcb37f4304de8d1ca2df2474c6e3a00ab3e720462:0x1d7 
0xcb37f4304de8d1ca2df2474c6e3a00ab3e720462:0x1d8 
0xcb37f4304de8d1ca2df2474c6e3a00ab3e720462:0x1d9 
0xcb37f4304de8d1ca2df2474c6e3a00ab3e720462:0x1da 
0xcb37f4304de8d1ca2df2474c6e3a00ab3e720462:0x1dd 
0xcb37f4304de8d1ca2df2474c6e3a00ab3e720462:0x1de 
0xcb37f4304de8d1ca2df2474c6e3a00ab3e720462:0x1df 
0xcb37f4304de8d1ca2df2474c6e3a00ab3e720462:0x1e0 
0xcb37f4304de8d1ca2df2474c6e3a00ab3e720462:0x1f5 
0xcb37f4304de8d1ca2df2474c6e3a00ab3e720462:0x1f6 
0xcb37f4304de8d1ca2df2474c6e3a00ab3e720462:0x20b 
0xcb37f4304de8d1ca2df2474c6e3a00ab3e720462:0x20c 
0xcb37f4304de8d1ca2df2474c6e3a00ab3e720462:0x20d 
0xcb37f4304de8d1ca2df2474c6e3a00ab3e720462:0x222 
0xcb37f4304de8d1ca2df2474c6e3a00ab3e720462:0x223 
0xcb37f4304de8d1ca2df2474c6e3a00ab3e720462:0x224 
0xcb37f4304de8d1ca2df2474c6e3a00ab3e720462:0x227 
0xcb37f4304de8d1ca2df2474c6e3a00ab3e720462:0x262 
0xcb37f4304de8d1ca2df2474c6e3a00ab3e720462:0x263 
0xcb37f4304de8d1ca2df2474c6e3a00ab3e720462:0x265 
0xcb37f4304de8d1ca2df2474c6e3a00ab3e720462:0x267 
0xcb37f4304de8d1ca2df2474c6e3a00ab3e720462:0x268 
0xcb37f4304de8d1ca2df2474c6e3a00ab3e720462:0x269 
0xcb37f4304de8d1ca2df2474c6e3a00ab3e720462:0x26a 
0xcb37f4304de8d1ca2df2474c6e3a00ab3e720462:0x26d 
0xcb37f4304de8d1ca2df2474c6e3a00ab3e720462:0x26e 
0xcb37f4304de8d1ca2df2474c6e3a00ab3e720462:0x26f 
0xcb37f4304de8d1ca2df2474c6e3a00ab3e720462:0x270 
0xcb37f4304de8d1ca2df2474c6e3a00ab3e720462:0x285 
0xcb37f4304de8d1ca2df2474c6e3a00ab3e720462:0x286 
0xcb37f4304de8d1ca2df2474c6e3a00ab3e720462:0x29b 
0xcb37f4304de8d1ca2df2474c6e3a00ab3e720462:0x29c 
0xcb37f4304de8d1ca2df2474c6e3a00ab3e720462:0x29f 
0xcb37f4304de8d1ca2df2474c6e3a00ab3e720462:0x2a0 
0xcb37f4304de8d1ca2df2474c6e3a00ab3e720462:0x2a1 
0xcb37f4304de8d1ca2df2474c6e3a00ab3e720462:0x2a2 
0xcb37f4304de8d1ca2df2474c6e3a00ab3e720462:0x2a3 
0xcb37f4304de8d1ca2df2474c6e3a00ab3e720462:0x2a4 
0xcb37f4304de8d1ca2df2474c6e3a00ab3e720462:0x2a5 
0xcb37f4304de8d1ca2df2474c6e3a00ab3e720462:0x2a7 
0xcb37f4304de8d1ca2df2474c6e3a00ab3e720462:0x2a8 
0xcb37f4304de8d1ca2df2474c6e3a00ab3e720462:0x2aa 
0xcb37f4304de8d1ca2df2474c6e3a00ab3e720462:0x2ac 
0xcb37f4304de8d1ca2df2474c6e3a00ab3e720462:0x2ad 
0xcb37f4304de8d1ca2df2474c6e3a00ab3e720462:0x2ae 
0xcb37f4304de8d1ca2df2474c6e3a00ab3e720462:0x2af 
0xcb37f4304de8d1ca2df2474c6e3a00ab3e720462:0x2b0 
0xcb37f4304de8d1ca2df2474c6e3a00ab3e720462:0x2b1 
0xcb37f4304de8d1ca2df2474c6e3a00ab3e720462:0x2b2 
0xcb37f4304de8d1ca2df2474c6e3a00ab3e720462:0x2b3 
---
0x20000:0x0 
0xcb37f4304de8d1ca2df2474c6e3a00ab3e720462:0x2b4 
0xcb37f4304de8d1ca2df2474c6e3a00ab3e720462:0x2b5 
0xcb37f4304de8d1ca2df2474c6e3a00ab3e720462:0x2b6 
0xcb37f4304de8d1ca2df2474c6e3a00ab3e720462:0x2b7 
0xcb37f4304de8d1ca2df2474c6e3a00ab3e720462:0x2b8 
0xcb37f4304de8d1ca2df2474c6e3a00ab3e720462:0x2b9 
0xcb37f4304de8d1ca2df2474c6e3a00ab3e720462:0x2ba 
0xcb37f4304de8d1ca2df2474c6e3a00ab3e720462:0x2bb 
0xcb37f4304de8d1ca2df2474c6e3a00ab3e720462:0x2bc 
0xcb37f4304de8d1ca2df2474c6e3a00ab3e720462:0x2bd 
0xcb37f4304de8d1ca2df2474c6e3a00ab3e720462:0x2c0 
0xcb37f4304de8d1ca2df2474c6e3a00ab3e720462:0x2ca 
0xcb37f4304de8d1ca2df2474c6e3a00ab3e720462:0x2cb 
0xcb37f4304de8d1ca2df2474c6e3a00ab3e720462:0x2cc 
0xcb37f4304de8d1ca2df2474c6e3a00ab3e720462:0x133 
0xcb37f4304de8d1ca2df2474c6e3a00ab3e720462:0x134 
