---
0xcb37f4304de8d1ca2df2474c6e3a00ab3e720462:0x0 *
0xcb37f4304de8d1ca2df2474c6e3a00ab3e720462:0x2 *
0xcb37f4304de8d1ca2df2474c6e3a00ab3e720462:0x4 *
0xcb37f4304de8d1ca2df2474c6e3a00ab3e720462:0x5 *
0xcb37f4304de8d1ca2df2474c6e3a00ab3e720462:0x6 *
0xcb37f4304de8d1ca2df2474c6e3a00ab3e720462:0x7 *
0xcb37f4304de8d1ca2df2474c6e3a00ab3e720462:0x8 *
0xcb37f4304de8d1ca2df2474c6e3a00ab3e720462:0xb *
0xcb37f4304de8d1ca2df2474c6e3a00ab3e720462:0x10 *
0xcb37f4304de8d1ca2df2474c6e3a00ab3e720462:0x11 *
0xcb37f4304de8d1ca2df2474c6e3a00ab3e720462:0x12 *
0xcb37f4304de8d1ca2df2474c6e3a00ab3e720462:0x13 *
0xcb37f4304de8d1ca2df2474c6e3a00ab3e720462:0x15 *
0xcb37f4304de8d1ca2df2474c6e3a00ab3e720462:0x17 *
0xcb37f4304de8d1ca2df2474c6e3a00ab3e720462:0x1a *
0xcb37f4304de8d1ca2df2474c6e3a00ab3e720462:0x1b *
0xcb37f4304de8d1ca2df2474c6e3a00ab3e720462:0x1c *
0xcb37f4304de8d1ca2df2474c6e3a00ab3e720462:0x1d *
0xcb37f4304de8d1ca2df2474c6e3a00ab3e720462:0x1e *
0xcb37f4304de8d1ca2df2474c6e3a00ab3e720462:0x33 *
0xcb37f4304de8d1ca2df2474c6e3a00ab3e720462:0x34 *
0xcb37f4304de8d1ca2df2474c6e3a00ab3e720462:0x35 *
0xcb37f4304de8d1ca2df2474c6e3a00ab3e720462:0x36 *
0xcb37f4304de8d1ca2df2474c6e3a00ab3e720462:0x37 *
0xcb37f4304de8d1ca2df2474c6e3a00ab3e720462:0x38 *
0xcb37f4304de8d1ca2df2474c6e3a00ab3e720462:0x4d *
0xcb37f4304de8d1ca2df2474c6e3a00ab3e720462:0x4e *
0xcb37f4304de8d1ca2df2474c6e3a00ab3e720462:0x4f *
0xcb37f4304de8d1ca2df2474c6e3a00ab3e720462:0x50 *
0xcb37f4304de8d1ca2df2474c6e3a00ab3e720462:0x51 *
0xcb37f4304de8d1ca2df2474c6e3a00ab3e720462:0x52 *
0xcb37f4304de8d1ca2df2474c6e3a00ab3e720462:0x53 *
0xcb37f4304de8d1ca2df2474c6e3a00ab3e720462:0x5d *
0xcb37f4304de8d1ca2df2474c6e3a00ab3e720462:0x5f *
0xcb37f4304de8d1ca2df2474c6e3a00ab3e720462:0x60 *
0xcb37f4304de8d1ca2df2474c6e3a00ab3e720462:0x61 *
0xcb37f4304de8d1ca2df2474c6e3a00ab3e720462:0x76 *
0xcb37f4304de8d1ca2df2474c6e3a00ab3e720462:0x77 *
0xcb37f4304de8d1ca2df2474c6e3a00ab3e720462:0x8c *
0xcb37f4304de8d1ca2df2474c6e3a00ab3e720462:0x8d *
0xcb37f4304de8d1ca2df2474c6e3a00ab3e720462:0x8e *
0xcb37f4304de8d1ca2df2474c6e3a00ab3e720462:0x8f *
0xcb37f4304de8d1ca2df2474c6e3a00ab3e720462:0x91 *
0xcb37f4304de8d1ca2df2474c6e3a00ab3e720462:0x92 *
0xcb37f4304de8d1ca2df2474c6e3a00ab3e720462:0x93 *
0xcb37f4304de8d1ca2df2474c6e3a00ab3e720462:0x94 *
0xcb37f4304de8d1ca2df2474c6e3a00ab3e720462:0x95 *
0xcb37f4304de8d1ca2df2474c6e3a00ab3e720462:0x97 *
0xcb37f4304de8d1ca2df2474c6e3a00ab3e720462:0x98 *
0xcb37f4304de8d1ca2df2474c6e3a00ab3e720462:0x9a *
0xcb37f4304de8d1ca2df2474c6e3a00ab3e720462:0x9b *
0xcb37f4304de8d1ca2df2474c6e3a00ab3e720462:0x9c *
0xcb37f4304de8d1ca2df2474c6e3a00ab3e720462:0x9d *
0xcb37f4304de8d1ca2df2474c6e3a00ab3e720462:0x9e *
0xcb37f4304de8d1ca2df2474c6e3a00ab3e720462:0x9f *
0xcb37f4304de8d1ca2df2474c6e3a00ab3e720462:0xa2 *
0xcb37f4304de8d1ca2df2474c6e3a00ab3e720462:0xa3 *
0xcb37f4304de8d1ca2df2474c6e3a00ab3e720462:0xa6 *
0xcb37f4304de8d1ca2df2474c6e3a00ab3e720462:0xa8 *
0xcb37f4304de8d1ca2df2474c6e3a00ab3e720462:0xa9 *
0xcb37f4304de8d1ca2df2474c6e3a00ab3e720462:0xab *
---
0xcb37f4304de8d1ca2df2474c6e3a00ab3e720462:0x0 
0xcb37f4304de8d1ca2df2474c6e3a00ab3e720462:0x2 
0xcb37f4304de8d1ca2df2474c6e3a00ab3e720462:0x4 
0xcb37f4304de8d1ca2df2474c6e3a00ab3e720462:0x5 
0xcb37f4304de8d1ca2df2474c6e3a00ab3e720462:0x7 
0xcb37f4304de8d1ca2df2474c6e3a00ab3e720462:0x8 
0xcb37f4304de8d1ca2df2474c6e3a00ab3e720462:0x9 
0xcb37f4304de8d1ca2df2474c6e3a00ab3e720462:0xc 
0xcb37f4304de8d1ca2df2474c6e3a00ab3e720462:0xd 
0xcb37f4304de8d1ca2df2474c6e3a00ab3e720462:0xf 
0xcb37f4304de8d1ca2df2474c6e3a00ab3e720462:0x10 
0xcb37f4304de8d1ca2df2474c6e3a00ab3e720462:0x12 
0xcb37f4304de8d1ca2df2474c6e3a00ab3e720462:0x13 
0xcb37f4304de8d1ca2df2474c6e3a00ab3e720462:0x14 
0xcb37f4304de8d1ca2df2474c6e3a00ab3e720462:0x19 
0xcb37f4304de8d1ca2df2474c6e3a00ab3e720462:0x1a 
0xcb37f4304de8d1ca2df2474c6e3a00ab3e720462:0x1d 
0xcb37f4304de8d1ca2df2474c6e3a00ab3e720462:0x1e 
0xcb37f4304de8d1ca2df2474c6e3a00ab3e720462:0x1f 
0xcb37f4304de8d1ca2df2474c6e3a00ab3e720462:0x24 
0xcb37f4304de8d1ca2df2474c6e3a00ab3e720462:0x25 
0xcb37f4304de8d1ca2df2474c6e3a00ab3e720462:0x28 
0xcb37f4304de8d1ca2df2474c6e3a00ab3e720462:0x29 
0xcb37f4304de8d1ca2df2474c6e3a00ab3e720462:0x2a 
0xcb37f4304de8d1ca2df2474c6e3a00ab3e720462:0x2f 
0xcb37f4304de8d1ca2df2474c6e3a00ab3e720462:0x30 
0xcb37f4304de8d1ca2df2474c6e3a00ab3e720462:0x33 
0xcb37f4304de8d1ca2df2474c6e3a00ab3e720462:0x34 
0xcb37f4304de8d1ca2df2474c6e3a00ab3e720462:0x35 
0xcb37f4304de8d1ca2df2474c6e3a00ab3e720462:0x3a 
0xcb37f4304de8d1ca2df2474c6e3a00ab3e720462:0x3b 
0xcb37f4304de8d1ca2df2474c6e3a00ab3e720462:0x3e 
0xcb37f4304de8d1ca2df2474c6e3a00ab3e720462:0x3f 
0xcb37f4304de8d1ca2df2474c6e3a00ab3e720462:0x40 
0xcb37f4304de8d1ca2df2474c6e3a00ab3e720462:0x45 
0xcb37f4304de8d1ca2df2474c6e3a00ab3e720462:0x46 
0xcb37f4304de8d1ca2df2474c6e3a00ab3e720462:0x49 
0xcb37f4304de8d1ca2df2474c6e3a00ab3e720462:0x1a7 
0xcb37f4304de8d1ca2df2474c6e3a00ab3e720462:0x1a8 
0xcb37f4304de8d1ca2df2474c6e3a00ab3e720462:0x1a9 
0xcb37f4304de8d1ca2df2474c6e3a00ab3e720462:0x1aa 
0xcb37f4304de8d1ca2df2474c6e3a00ab3e720462:0x1ab 
0xcb37f4304de8d1ca2df2474c6e3a00ab3e720462:0x1ae 
0xcb37f4304de8d1ca2df2474c6e3a00ab3e720462:0x1b3 
0xcb37f4304de8d1ca2df2474c6e3a00ab3e720462:0x1b4 
0xcb37f4304de8d1ca2df2474c6e3a00ab3e720462:0x1b5 
0xcb37f4304de8d1ca2df2474c6e3a00ab3e720462:0x1b8 
0xcb37f4304de8d1ca2df2474c6e3a00ab3e720462:0x1bb 
0xcb37f4304de8d1ca2df2474c6e3a00ab3e720462:0x493 
0xcb37f4304de8d1ca2df2474c6e3a00ab3e720462:0x494 
0xcb37f4304de8d1ca2df2474c6e3a00ab3e720462:0x496 
0xcb37f4304de8d1ca2df2474c6e3a00ab3e720462:0x497 
0xcb37f4304de8d1ca2df2474c6e3a00ab3e720462:0x499 
0xcb37f4304de8d1ca2df2474c6e3a00ab3e720462:0x49a 
0xcb37f4304de8d1ca2df2474c6e3a00ab3e720462:0x4af 
0xcb37f4304de8d1ca2df2474c6e3a00ab3e720462:0x4b0 
0xcb37f4304de8d1ca2df2474c6e3a00ab3e720462:0x4c5 
0xcb37f4304de8d1ca2df2474c6e3a00ab3e720462:0x4c6 
0xcb37f4304de8d1ca2df2474c6e3a00ab3e720462:0x4c7 
0xcb37f4304de8d1ca2df2474c6e3a00ab3e720462:0x4c8 
0xcb37f4304de8d1ca2df2474c6e3a00ab3e720462:0x4ca 
0xcb37f4304de8d1ca2df2474c6e3a00ab3e720462:0x4cb 
0xcb37f4304de8d1ca2df2474c6e3a00ab3e720462:0x4cc 
0xcb37f4304de8d1ca2df2474c6e3a00ab3e720462:0x4cd 
0xcb37f4304de8d1ca2df2474c6e3a00ab3e720462:0x4ce 
0xcb37f4304de8d1ca2df2474c6e3a00ab3e720462:0x4d0 
0xcb37f4304de8d1ca2df2474c6e3a00ab3e720462:0x4d1 
0xcb37f4304de8d1ca2df2474c6e3a00ab3e720462:0x4d3 
0xcb37f4304de8d1ca2df2474c6e3a00ab3e720462:0x4d4 
0xcb37f4304de8d1ca2df2474c6e3a00ab3e720462:0x4d5 
0xcb37f4304de8d1ca2df2474c6e3a00ab3e720462:0x4d6 
0xcb37f4304de8d1ca2df2474c6e3a00ab3e720462:0x4d7 
0xcb37f4304de8d1ca2df2474c6e3a00ab3e720462:0x4d8 
0xcb37f4304de8d1ca2df2474c6e3a00ab3e720462:0x1bc 
0xcb37f4304de8d1ca2df2474c6e3a00ab3e720462:0x1bd 
0xcb37f4304de8d1ca2df2474c6e3a00ab3e720462:0x1bf 
0xcb37f4304de8d1ca2df2474c6e3a00ab3e720462:0x1c0 
0xcb37f4304de8d1ca2df2474c6e3a00ab3e720462:0x1c3 
0xcb37f4304de8d1ca2df2474c6e3a00ab3e720462:0x1c4 
0xcb37f4304de8d1ca2df2474c6e3a00ab3e720462:0x1c5 
0xcb37f4304de8d1ca2df2474c6e3a00ab3e720462:0x1c8 
0xcb37f4304de8d1ca2df2474c6e3a00ab3e720462:0x625 
0xcb37f4304de8d1ca2df2474c6e3a00ab3e720462:0x626 
0xcb37f4304de8d1ca2df2474c6e3a00ab3e720462:0x628 
0xcb37f4304de8d1ca2df2474c6e3a00ab3e720462:0x62a 
0xcb37f4304de8d1ca2df2474c6e3a00ab3e720462:0x62b 
0xcb37f4304de8d1ca2df2474c6e3a00ab3e720462:0x62c 
0xcb37f4304de8d1ca2df2474c6e3a00ab3e720462:0x62d 
0xcb37f4304de8d1ca2df2474c6e3a00ab3e720462:0x62e 
0xcb37f4304de8d1ca2df2474c6e3a00ab3e720462:0x631 
0xcb37f4304de8d1ca2df2474c6e3a00ab3e720462:0x633 
0xcb37f4304de8d1ca2df2474c6e3a00ab3e720462:0x634 
0xcb37f4304de8d1ca2df2474c6e3a00ab3e720462:0x635 
0xcb37f4304de8d1ca2df2474c6e3a00ab3e720462:0x636 
0xcb37f4304de8d1ca2df2474c6e3a00ab3e720462:0x639 
0xcb37f4304de8d1ca2df2474c6e3a00ab3e720462:0x616 
0xcb37f4304de8d1ca2df2474c6e3a00ab3e720462:0x617 
0xcb37f4304de8d1ca2df2474c6e3a00ab3e720462:0x61a 
0xcb37f4304de8d1ca2df2474c6e3a00ab3e720462:0x61b 
0xcb37f4304de8d1ca2df2474c6e3a00ab3e720462:0x61e 
0xcb37f4304de8d1ca2df2474c6e3a00ab3e720462:0x60c 
0xcb37f4304de8d1ca2df2474c6e3a00ab3e720462:0x60d 
0xcb37f4304de8d1ca2df2474c6e3a00ab3e720462:0x60f 
0xcb37f4304de8d1ca2df2474c6e3a00ab3e720462:0x610 
0xcb37f4304de8d1ca2df2474c6e3a00ab3e720462:0x611 
0xcb37f4304de8d1ca2df2474c6e3a00ab3e720462:0x612 
0xcb37f4304de8d1ca2df2474c6e3a00ab3e720462:0x613 
0xcb37f4304de8d1ca2df2474c6e3a00ab3e720462:0x614 
0xcb37f4304de8d1ca2df2474c6e3a00ab3e720462:0x615 
0xcb37f4304de8d1ca2df2474c6e3a00ab3e720462:0x61f 
0xcb37f4304de8d1ca2df2474c6e3a00ab3e720462:0x620 
0xcb37f4304de8d1ca2df2474c6e3a00ab3e720462:0x621 
0xcb37f4304de8d1ca2df2474c6e3a00ab3e720462:0x622 
0xcb37f4304de8d1ca2df2474c6e3a00ab3e720462:0x623 
0xcb37f4304de8d1ca2df2474c6e3a00ab3e720462:0x624 
0xcb37f4304de8d1ca2df2474c6e3a00ab3e720462:0x63a 
0xcb37f4304de8d1ca2df2474c6e3a00ab3e720462:0x63b 
0xcb37f4304de8d1ca2df2474c6e3a00ab3e720462:0x63c 
0xcb37f4304de8d1ca2df2474c6e3a00ab3e720462:0x63d 
0xcb37f4304de8d1ca2df2474c6e3a00ab3e720462:0x63e 
0xcb37f4304de8d1ca2df2474c6e3a00ab3e720462:0x63f 
0xcb37f4304de8d1ca2df2474c6e3a00ab3e720462:0x1c9 
0xcb37f4304de8d1ca2df2474c6e3a00ab3e720462:0x1ca 
0xcb37f4304de8d1ca2df2474c6e3a00ab3e720462:0x1cc 
0xcb37f4304de8d1ca2df2474c6e3a00ab3e720462:0x1cd 
0xcb37f4304de8d1ca2df2474c6e3a00ab3e720462:0x1ce 
0xcb37f4304de8d1ca2df2474c6e3a00ab3e720462:0x1cf 
0xcb37f4304de8d1ca2df2474c6e3a00ab3e720462:0x1d0 
0xcb37f4304de8d1ca2df2474c6e3a00ab3e720462:0x1d1 
---
0xcb37f4304de8d1ca2df2474c6e3a00ab3e720462:0x0 
0xcb37f4304de8d1ca2df2474c6e3a00ab3e720462:0x2 
0xcb37f4304de8d1ca2df2474c6e3a00ab3e720462:0x4 
0xcb37f4304de8d1ca2df2474c6e3a00ab3e720462:0x5 
0xcb37f4304de8d1ca2df2474c6e3a00ab3e720462:0x7 
0xcb37f4304de8d1ca2df2474c6e3a00ab3e720462:0x8 
0xcb37f4304de8d1ca2df2474c6e3a00ab3e720462:0x9 
0xcb37f4304de8d1ca2df2474c6e3a00ab3e720462:0xc 
0xcb37f4304de8d1ca2df2474c6e3a00ab3e720462:0xd 
0xcb37f4304de8d1ca2df2474c6e3a00ab3e720462:0xf 
0xcb37f4304de8d1ca2df2474c6e3a00ab3e720462:0x10 
0xcb37f4304de8d1ca2df2474c6e3a00ab3e720462:0x12 
0xcb37f4304de8d1ca2df2474c6e3a00ab3e720462:0x13 
0xcb37f4304de8d1ca2df2474c6e3a00ab3e720462:0x14 
0xcb37f4304de8d1ca2df2474c6e3a00ab3e720462:0x19 
0xcb37f4304de8d1ca2df2474c6e3a00ab3e720462:0x1a 
0xcb37f4304de8d1ca2df2474c6e3a00ab3e720462:0x1d 
0xcb37f4304de8d1ca2df2474c6e3a00ab3e720462:0x1e 
0xcb37f4304de8d1ca2df2474c6e3a00ab3e720462:0x1f 
0xcb37f4304de8d1ca2df2474c6e3a00ab3e720462:0x24 
0xcb37f4304de8d1ca2df2474c6e3a00ab3e720462:0x25 
0xcb37f4304de8d1ca2df2474c6e3a00ab3e720462:0x28 
0xcb37f4304de8d1ca2df2474c6e3a00ab3e720462:0x29 
0xcb37f4304de8d1ca2df2474c6e3a00ab3e720462:0x2a 
0xcb37f4304de8d1ca2df2474c6e3a00ab3e720462:0x2f 
0xcb37f4304de8d1ca2df2474c6e3a00ab3e720462:0x30 
0xcb37f4304de8d1ca2df2474c6e3a00ab3e720462:0x33 
0xcb37f4304de8d1ca2df2474c6e3a00ab3e720462:0x34 
0xcb37f4304de8d1ca2df2474c6e3a00ab3e720462:0x35 
0xcb37f4304de8d1ca2df2474c6e3a00ab3e720462:0x3a 
0xcb37f4304de8d1ca2df2474c6e3a00ab3e720462:0x3b 
0xcb37f4304de8d1ca2df2474c6e3a00ab3e720462:0x3e 
0xcb37f4304de8d1ca2df2474c6e3a00ab3e720462:0x3f 
0xcb37f4304de8d1ca2df2474c6e3a00ab3e720462:0x40 
0xcb37f4304de8d1ca2df2474c6e3a00ab3e720462:0x45 
0xcb37f4304de8d1ca2df2474c6e3a00ab3e720462:0x46 
0xcb37f4304de8d1ca2df2474c6e3a00ab3e720462:0x49 
0xcb37f4304de8d1ca2df2474c6e3a00ab3e720462:0x1a7 
0xcb37f4304de8d1ca2df2474c6e3a00ab3e720462:0x1a8 
0xcb37f4304de8d1ca2df2474c6e3a00ab3e720462:0x1a9 
0xcb37f4304de8d1ca2df2474c6e3a00ab3e720462:0x1aa 
0xcb37f4304de8d1ca2df2474c6e3a00ab3e720462:0x1ab 
0xcb37f4304de8d1ca2df2474c6e3a00ab3e720462:0x1ae 
0xcb37f4304de8d1ca2df2474c6e3a00ab3e720462:0x1b3 
0xcb37f4304de8d1ca2df2474c6e3a00ab3e720462:0x1b4 
0xcb37f4304de8d1ca2df2474c6e3a00ab3e720462:0x1b5 
0xcb37f4304de8d1ca2df2474c6e3a00ab3e720462:0x1b8 
0xcb37f4304de8d1ca2df2474c6e3a00ab3e720462:0x1bb 
0xcb37f4304de8d1ca2df2474c6e3a00ab3e720462:0x493 
0xcb37f4304de8d1ca2df2474c6e3a00ab3e720462:0x494 
0xcb37f4304de8d1ca2df2474c6e3a00ab3e720462:0x496 
0xcb37f4304de8d1ca2df2474c6e3a00ab3e720462:0x497 
0xcb37f4304de8d1ca2df2474c6e3a00ab3e720462:0x499 
0xcb37f4304de8d1ca2df2474c6e3a00ab3e720462:0x49a 
0xcb37f4304de8d1ca2df2474c6e3a00ab3e720462:0x4af 
0xcb37f4304de8d1ca2df2474c6e3a00ab3e720462:0x4b0 
0xcb37f4304de8d1ca2df2474c6e3a00ab3e720462:0x4c5 
0xcb37f4304de8d1ca2df2474c6e3a00ab3e720462:0x4c6 
0xcb37f4304de8d1ca2df2474c6e3a00ab3e720462:0x4c7 
0xcb37f4304de8d1ca2df2474c6e3a00ab3e720462:0x4c8 
0xcb37f4304de8d1ca2df2474c6e3a00ab3e720462:0x4ca 
0xcb37f4304de8d1ca2df2474c6e3a00ab3e720462:0x4cb 
0xcb37f4304de8d1ca2df2474c6e3a00ab3e720462:0x4cc 
0xcb37f4304de8d1ca2df2474c6e3a00ab3e720462:0x4cd 
0xcb37f4304de8d1ca2df2474c6e3a00ab3e720462:0x4ce 
0xcb37f4304de8d1ca2df2474c6e3a00ab3e720462:0x4d0 
0xcb37f4304de8d1ca2df2474c6e3a00ab3e720462:0x4d1 
0xcb37f4304de8d1ca2df2474c6e3a00ab3e720462:0x4d3 
0xcb37f4304de8d1ca2df2474c6e3a00ab3e720462:0x4d4 
0xcb37f4304de8d1ca2df2474c6e3a00ab3e720462:0x4d5 
0xcb37f4304de8d1ca2df2474c6e3a00ab3e720462:0x4d6 
0xcb37f4304de8d1ca2df2474c6e3a00ab3e720462:0x4d7 
0xcb37f4304de8d1ca2df2474c6e3a00ab3e720462:0x4d8 
0xcb37f4304de8d1ca2df2474c6e3a00ab3e720462:0x1bc 
0xcb37f4304de8d1ca2df2474c6e3a00ab3e720462:0x1bd 
0xcb37f4304de8d1ca2df2474c6e3a00ab3e720462:0x1bf 
0xcb37f4304de8d1ca2df2474c6e3a00ab3e720462:0x1c0 
0xcb37f4304de8d1ca2df2474c6e3a00ab3e720462:0x1c3 
0xcb37f4304de8d1ca2df2474c6e3a00ab3e720462:0x1c4 
0xcb37f4304de8d1ca2df2474c6e3a00ab3e720462:0x1c5 
0xcb37f4304de8d1ca2df2474c6e3a00ab3e720462:0x1c8 
0xcb37f4304de8d1ca2df2474c6e3a00ab3e720462:0x625 
0xcb37f4304de8d1ca2df2474c6e3a00ab3e720462:0x626 
0xcb37f4304de8d1ca2df2474c6e3a00ab3e720462:0x628 
0xcb37f4304de8d1ca2df2474c6e3a00ab3e720462:0x62a 
0xcb37f4304de8d1ca2df2474c6e3a00ab3e720462:0x62b 
0xcb37f4304de8d1ca2df2474c6e3a00ab3e720462:0x62c 
0xcb37f4304de8d1ca2df2474c6e3a00ab3e720462:0x62d 
0xcb37f4304de8d1ca2df2474c6e3a00ab3e720462:0x62e 
0xcb37f4304de8d1ca2df2474c6e3a00ab3e720462:0x631 
0xcb37f4304de8d1ca2df2474c6e3a00ab3e720462:0x633 
0xcb37f4304de8d1ca2df2474c6e3a00ab3e720462:0x634 
0xcb37f4304de8d1ca2df2474c6e3a00ab3e720462:0x635 
0xcb37f4304de8d1ca2df2474c6e3a00ab3e720462:0x636 
0xcb37f4304de8d1ca2df2474c6e3a00ab3e720462:0x639 
0xcb37f4304de8d1ca2df2474c6e3a00ab3e720462:0x616 
0xcb37f4304de8d1ca2df2474c6e3a00ab3e720462:0x617 
0xcb37f4304de8d1ca2df2474c6e3a00ab3e720462:0x61a 
0xcb37f4304de8d1ca2df2474c6e3a00ab3e720462:0x61b 
0xcb37f4304de8d1ca2df2474c6e3a00ab3e720462:0x61e 
0xcb37f4304de8d1ca2df2474c6e3a00ab3e720462:0x60c 
0xcb37f4304de8d1ca2df2474c6e3a00ab3e720462:0x60d 
0xcb37f4304de8d1ca2df2474c6e3a00ab3e720462:0x60f 
0xcb37f4304de8d1ca2df2474c6e3a00ab3e720462:0x610 
0xcb37f4304de8d1ca2df2474c6e3a00ab3e720462:0x611 
0xcb37f4304de8d1ca2df2474c6e3a00ab3e720462:0x612 
0xcb37f4304de8d1ca2df2474c6e3a00ab3e720462:0x613 
0xcb37f4304de8d1ca2df2474c6e3a00ab3e720462:0x614 
0xcb37f4304de8d1ca2df2474c6e3a00ab3e720462:0x615 
0xcb37f4304de8d1ca2df2474c6e3a00ab3e720462:0x61f 
0xcb37f4304de8d1ca2df2474c6e3a00ab3e720462:0x620 
0xcb37f4304de8d1ca2df2474c6e3a00ab3e720462:0x621 
0xcb37f4304de8d1ca2df2474c6e3a00ab3e720462:0x622 
0xcb37f4304de8d1ca2df2474c6e3a00ab3e720462:0x623 
0xcb37f4304de8d1ca2df2474c6e3a00ab3e720462:0x624 
0xcb37f4304de8d1ca2df2474c6e3a00ab3e720462:0x63a 
0xcb37f4304de8d1ca2df2474c6e3a00ab3e720462:0x63b 
0xcb37f4304de8d1ca2df2474c6e3a00ab3e720462:0x63c 
0xcb37f4304de8d1ca2df2474c6e3a00ab3e720462:0x63d 
0xcb37f4304de8d1ca2df2474c6e3a00ab3e720462:0x63e 
0xcb37f4304de8d1ca2df2474c6e3a00ab3e720462:0x63f 
0xcb37f4304de8d1ca2df2474c6e3a00ab3e720462:0x1c9 
0xcb37f4304de8d1ca2df2474c6e3a00ab3e720462:0x1ca 
0xcb37f4304de8d1ca2df2474c6e3a00ab3e720462:0x1cc 
0xcb37f4304de8d1ca2df2474c6e3a00ab3e720462:0x1cd 
0xcb37f4304de8d1ca2df2474c6e3a00ab3e720462:0x1ce 
0xcb37f4304de8d1ca2df2474c6e3a00ab3e720462:0x1cf 
0xcb37f4304de8d1ca2df2474c6e3a00ab3e720462:0x1d0 
0xcb37f4304de8d1ca2df2474c6e3a00ab3e720462:0x1d1 
---
0xcb37f4304de8d1ca2df2474c6e3a00ab3e720462:0x0 
0xcb37f4304de8d1ca2df2474c6e3a00ab3e720462:0x2 
0xcb37f4304de8d1ca2df2474c6e3a00ab3e720462:0x4 
0xcb37f4304de8d1ca2df2474c6e3a00ab3e720462:0x5 
0xcb37f4304de8d1ca2df2474c6e3a00ab3e720462:0x7 
0xcb37f4304de8d1ca2df2474c6e3a00ab3e720462:0x8 
0xcb37f4304de8d1ca2df2474c6e3a00ab3e720462:0x9 
0xcb37f4304de8d1ca2df2474c6e3a00ab3e720462:0xc 
0xcb37f4304de8d1ca2df2474c6e3a00ab3e720462:0xd 
0xcb37f4304de8d1ca2df2474c6e3a00ab3e720462:0xf 
0xcb37f4304de8d1ca2df2474c6e3a00ab3e720462:0x10 
0xcb37f4304de8d1ca2df2474c6e3a00ab3e720462:0x12 
0xcb37f4304de8d1ca2df2474c6e3a00ab3e720462:0x13 
0xcb37f4304de8d1ca2df2474c6e3a00ab3e720462:0x14 
0xcb37f4304de8d1ca2df2474c6e3a00ab3e720462:0x19 
0xcb37f4304de8d1ca2df2474c6e3a00ab3e720462:0x1a 
0xcb37f4304de8d1ca2df2474c6e3a00ab3e720462:0x1d 
0xcb37f4304de8d1ca2df2474c6e3a00ab3e720462:0x1e 
0xcb37f4304de8d1ca2df2474c6e3a00ab3e720462:0x1f 
0xcb37f4304de8d1ca2df2474c6e3a00ab3e720462:0x24 
0xcb37f4304de8d1ca2df2474c6e3a00ab3e720462:0x25 
0xcb37f4304de8d1ca2df2474c6e3a00ab3e720462:0x28 
0xcb37f4304de8d1ca2df2474c6e3a00ab3e720462:0x29 
0xcb37f4304de8d1ca2df2474c6e3a00ab3e720462:0x2a 
0xcb37f4304de8d1ca2df2474c6e3a00ab3e720462:0x2f 
0xcb37f4304de8d1ca2df2474c6e3a00ab3e720462:0x30 
0xcb37f4304de8d1ca2df2474c6e3a00ab3e720462:0x33 
0xcb37f4304de8d1ca2df2474c6e3a00ab3e720462:0x172 
0xcb37f4304de8d1ca2df2474c6e3a00ab3e720462:0x173 
0xcb37f4304de8d1ca2df2474c6e3a00ab3e720462:0x174 
0xcb37f4304de8d1ca2df2474c6e3a00ab3e720462:0x175 
0xcb37f4304de8d1ca2df2474c6e3a00ab3e720462:0x176 
0xcb37f4304de8d1ca2df2474c6e3a00ab3e720462:0x179 
0xcb37f4304de8d1ca2df2474c6e3a00ab3e720462:0x17e 
0xcb37f4304de8d1ca2df2474c6e3a00ab3e720462:0x17f 
0xcb37f4304de8d1ca2df2474c6e3a00ab3e720462:0x180 
0xcb37f4304de8d1ca2df2474c6e3a00ab3e720462:0x183 
0xcb37f4304de8d1ca2df2474c6e3a00ab3e720462:0x186 
0xcb37f4304de8d1ca2df2474c6e3a00ab3e720462:0x2e5 
0xcb37f4304de8d1ca2df2474c6e3a00ab3e720462:0x2e6 
0xcb37f4304de8d1ca2df2474c6e3a00ab3e720462:0x2e8 
0xcb37f4304de8d1ca2df2474c6e3a00ab3e720462:0x2ea 
0xcb37f4304de8d1ca2df2474c6e3a00ab3e720462:0x2eb 
0xcb37f4304de8d1ca2df2474c6e3a00ab3e720462:0x2ec 
0xcb37f4304de8d1ca2df2474c6e3a00ab3e720462:0x2ed 
0xcb37f4304de8d1ca2df2474c6e3a00ab3e720462:0x2f0 
0xcb37f4304de8d1ca2df2474c6e3a00ab3e720462:0x2f1 
0xcb37f4304de8d1ca2df2474c6e3a00ab3e720462:0x2f2 
0xcb37f4304de8d1ca2df2474c6e3a00ab3e720462:0x2f3 
0xcb37f4304de8d1ca2df2474c6e3a00ab3e720462:0x308 
0xcb37f4304de8d1ca2df2474c6e3a00ab3e720462:0x309 
0xcb37f4304de8d1ca2df2474c6e3a00ab3e720462:0x30a 
0xcb37f4304de8d1ca2df2474c6e3a00ab3e720462:0x187 
0xcb37f4304de8d1ca2df2474c6e3a00ab3e720462:0x188 
0xcb37f4304de8d1ca2df2474c6e3a00ab3e720462:0x18a 
0xcb37f4304de8d1ca2df2474c6e3a00ab3e720462:0x18b 
0xcb37f4304de8d1ca2df2474c6e3a00ab3e720462:0x18e 
0xcb37f4304de8d1ca2df2474c6e3a00ab3e720462:0x18f 
0xcb37f4304de8d1ca2df2474c6e3a00ab3e720462:0x190 
0xcb37f4304de8d1ca2df2474c6e3a00ab3e720462:0x193 
0xcb37f4304de8d1ca2df2474c6e3a00ab3e720462:0x661 
0xcb37f4304de8d1ca2df2474c6e3a00ab3e720462:0x662 
0xcb37f4304de8d1ca2df2474c6e3a00ab3e720462:0x664 
0xcb37f4304de8d1ca2df2474c6e3a00ab3e720462:0x666 
0xcb37f4304de8d1ca2df2474c6e3a00ab3e720462:0x667 
0xcb37f4304de8d1ca2df2474c6e3a00ab3e720462:0x668 
0xcb37f4304de8d1ca2df2474c6e3a00ab3e720462:0x669 
0xcb37f4304de8d1ca2df2474c6e3a00ab3e720462:0x66a 
0xcb37f4304de8d1ca2df2474c6e3a00ab3e720462:0x66d 
0xcb37f4304de8d1ca2df2474c6e3a00ab3e720462:0x66f 
0xcb37f4304de8d1ca2df2474c6e3a00ab3e720462:0x670 
0xcb37f4304de8d1ca2df2474c6e3a00ab3e720462:0x671 
0xcb37f4304de8d1ca2df2474c6e3a00ab3e720462:0x672 
0xcb37f4304de8d1ca2df2474c6e3a00ab3e720462:0x675 
0xcb37f4304de8d1ca2df2474c6e3a00ab3e720462:0x652 
0xcb37f4304de8d1ca2df2474c6e3a00ab3e720462:0x653 
0xcb37f4304de8d1ca2df2474c6e3a00ab3e720462:0x656 
0xcb37f4304de8d1ca2df2474c6e3a00ab3e720462:0x657 
0xcb37f4304de8d1ca2df2474c6e3a00ab3e720462:0x65a 
0xcb37f4304de8d1ca2df2474c6e3a00ab3e720462:0x640 
0xcb37f4304de8d1ca2df2474c6e3a00ab3e720462:0x641 
0xcb37f4304de8d1ca2df2474c6e3a00ab3e720462:0x643 
0xcb37f4304de8d1ca2df2474c6e3a00ab3e720462:0x646 
0xcb37f4304de8d1ca2df2474c6e3a00ab3e720462:0x647 
0xcb37f4304de8d1ca2df2474c6e3a00ab3e720462:0x64a 
0xcb37f4304de8d1ca2df2474c6e3a00ab3e720462:0x581 
0xcb37f4304de8d1ca2df2474c6e3a00ab3e720462:0x582 
0xcb37f4304de8d1ca2df2474c6e3a00ab3e720462:0x584 
0xcb37f4304de8d1ca2df2474c6e3a00ab3e720462:0x599 
0xcb37f4304de8d1ca2df2474c6e3a00ab3e720462:0x59a 
0xcb37f4304de8d1ca2df2474c6e3a00ab3e720462:0x59b 
0xcb37f4304de8d1ca2df2474c6e3a00ab3e720462:0x59c 
0xcb37f4304de8d1ca2df2474c6e3a00ab3e720462:0x59d 
0xcb37f4304de8d1ca2df2474c6e3a00ab3e720462:0x59e 
0xcb37f4304de8d1ca2df2474c6e3a00ab3e720462:0x59f 
0xcb37f4304de8d1ca2df2474c6e3a00ab3e720462:0x5a0 
0xcb37f4304de8d1ca2df2474c6e3a00ab3e720462:0x64b 
0xcb37f4304de8d1ca2df2474c6e3a00ab3e720462:0x64c 
0xcb37f4304de8d1ca2df2474c6e3a00ab3e720462:0x64d 
0xcb37f4304de8d1ca2df2474c6e3a00ab3e720462:0x64e 
0xcb37f4304de8d1ca2df2474c6e3a00ab3e720462:0x64f 
0xcb37f4304de8d1ca2df2474c6e3a00ab3e720462:0x650 
0xcb37f4304de8d1ca2df2474c6e3a00ab3e720462:0x651 
0xcb37f4304de8d1ca2df2474c6e3a00ab3e720462:0x65b 
0xcb37f4304de8d1ca2df2474c6e3a00ab3e720462:0x65c 
0xcb37f4304de8d1ca2df2474c6e3a00ab3e720462:0x65d 
0xcb37f4304de8d1ca2df2474c6e3a00ab3e720462:0x65e 
0xcb37f4304de8d1ca2df2474c6e3a00ab3e720462:0x65f 
0xcb37f4304de8d1ca2df2474c6e3a00ab3e720462:0x660 
0xcb37f4304de8d1ca2df2474c6e3a00ab3e720462:0x676 
0xcb37f4304de8d1ca2df2474c6e3a00ab3e720462:0x677 
0xcb37f4304de8d1ca2df2474c6e3a00ab3e720462:0x678 
0xcb37f4304de8d1ca2df2474c6e3a00ab3e720462:0x679 
0xcb37f4304de8d1ca2df2474c6e3a00ab3e720462:0x67a 
0xcb37f4304de8d1ca2df2474c6e3a00ab3e720462:0x67b 
0xcb37f4304de8d1ca2df2474c6e3a00ab3e720462:0x194 
0xcb37f4304de8d1ca2df2474c6e3a00ab3e720462:0x195 
0xcb37f4304de8d1ca2df2474c6e3a00ab3e720462:0x197 
0xcb37f4304de8d1ca2df2474c6e3a00ab3e720462:0x198 
0xcb37f4304de8d1ca2df2474c6e3a00ab3e720462:0x199 
0xcb37f4304de8d1ca2df2474c6e3a00ab3e720462:0x19a 
0xcb37f4304de8d1ca2df2474c6e3a00ab3e720462:0x19b 
0xcb37f4304de8d1ca2df2474c6e3a00ab3e720462:0x19c 
---
0xcb37f4304de8d1ca2df2474c6e3a00ab3e720462:0x0 
0xcb37f4304de8d1ca2df2474c6e3a00ab3e720462:0x2 
0xcb37f4304de8d1ca2df2474c6e3a00ab3e720462:0x4 
0xcb37f4304de8d1ca2df2474c6e3a00ab3e720462:0x5 
0xcb37f4304de8d1ca2df2474c6e3a00ab3e720462:0x7 
0xcb37f4304de8d1ca2df2474c6e3a00ab3e720462:0x8 
0xcb37f4304de8d1ca2df2474c6e3a00ab3e720462:0x9 
0xcb37f4304de8d1ca2df2474c6e3a00ab3e720462:0xc 
0xcb37f4304de8d1ca2df2474c6e3a00ab3e720462:0xd 
0xcb37f4304de8d1ca2df2474c6e3a00ab3e720462:0xf 
0xcb37f4304de8d1ca2df2474c6e3a00ab3e720462:0x10 
0xcb37f4304de8d1ca2df2474c6e3a00ab3e720462:0x12 
0xcb37f4304de8d1ca2df2474c6e3a00ab3e720462:0x13 
0xcb37f4304de8d1ca2df2474c6e3a00ab3e720462:0x14 
0xcb37f4304de8d1ca2df2474c6e3a00ab3e720462:0x19 
0xcb37f4304de8d1ca2df2474c6e3a00ab3e720462:0x1a 
0xcb37f4304de8d1ca2df2474c6e3a00ab3e720462:0x1d 
0xcb37f4304de8d1ca2df2474c6e3a00ab3e720462:0x1e 
0xcb37f4304de8d1ca2df2474c6e3a00ab3e720462:0x1f 
0xcb37f4304de8d1ca2df2474c6e3a00ab3e720462:0x24 
0xcb37f4304de8d1ca2df2474c6e3a00ab3e720462:0x25 
0xcb37f4304de8d1ca2df2474c6e3a00ab3e720462:0x28 
0xcb37f4304de8d1ca2df2474c6e3a00ab3e720462:0x29 
0xcb37f4304de8d1ca2df2474c6e3a00ab3e720462:0x2a 
0xcb37f4304de8d1ca2df2474c6e3a00ab3e720462:0x2f 
0xcb37f4304de8d1ca2df2474c6e3a00ab3e720462:0x30 
0xcb37f4304de8d1ca2df2474c6e3a00ab3e720462:0x33 
0xcb37f4304de8d1ca2df2474c6e3a00ab3e720462:0x172 
0xcb37f4304de8d1ca2df2474c6e3a00ab3e720462:0x173 
0xcb37f4304de8d1ca2df2474c6e3a00ab3e720462:0x174 
0xcb37f4304de8d1ca2df2474c6e3a00ab3e720462:0x175 
0xcb37f4304de8d1ca2df2474c6e3a00ab3e720462:0x176 
0xcb37f4304de8d1ca2df2474c6e3a00ab3e720462:0x179 
0xcb37f4304de8d1ca2df2474c6e3a00ab3e720462:0x17e 
0xcb37f4304de8d1ca2df2474c6e3a00ab3e720462:0x17f 
0xcb37f4304de8d1ca2df2474c6e3a00ab3e720462:0x180 
0xcb37f4304de8d1ca2df2474c6e3a00ab3e720462:0x183 
0xcb37f4304de8d1ca2df2474c6e3a00ab3e720462:0x186 
0xcb37f4304de8d1ca2df2474c6e3a00ab3e720462:0x2e5 
0xcb37f4304de8d1ca2df2474c6e3a00ab3e720462:0x2e6 
0xcb37f4304de8d1ca2df2474c6e3a00ab3e720462:0x2e8 
0xcb37f4304de8d1ca2df2474c6e3a00ab3e720462:0x2ea 
0xcb37f4304de8d1ca2df2474c6e3a00ab3e720462:0x2eb 
0xcb37f4304de8d1ca2df2474c6e3a00ab3e720462:0x2ec 
0xcb37f4304de8d1ca2df2474c6e3a00ab3e720462:0x2ed 
0xcb37f4304de8d1ca2df2474c6e3a00ab3e720462:0x2f0 
0xcb37f4304de8d1ca2df2474c6e3a00ab3e720462:0x2f1 
0xcb37f4304de8d1ca2df2474c6e3a00ab3e720462:0x2f2 
0xcb37f4304de8d1ca2df2474c6e3a00ab3e720462:0x2f3 
0xcb37f4304de8d1ca2df2474c6e3a00ab3e720462:0x308 
0xcb37f4304de8d1ca2df2474c6e3a00ab3e720462:0x309 
0xcb37f4304de8d1ca2df2474c6e3a00ab3e720462:0x30a 
0xcb37f4304de8d1ca2df2474c6e3a00ab3e720462:0x187 
0xcb37f4304de8d1ca2df2474c6e3a00ab3e720462:0x188 
0xcb37f4304de8d1ca2df2474c6e3a00ab3e720462:0x18a 
0xcb37f4304de8d1ca2df2474c6e3a00ab3e720462:0x18b 
0xcb37f4304de8d1ca2df2474c6e3a00ab3e720462:0x18e 
0xcb37f4304de8d1ca2df2474c6e3a00ab3e720462:0x18f 
0xcb37f4304de8d1ca2df2474c6e3a00ab3e720462:0x190 
0xcb37f4304de8d1ca2df2474c6e3a00ab3e720462:0x193 
0xcb37f4304de8d1ca2df2474c6e3a00ab3e720462:0x661 
0xcb37f4304de8d1ca2df2474c6e3a00ab3e720462:0x662 
0xcb37f4304de8d1ca2df2474c6e3a00ab3e720462:0x664 
0xcb37f4304de8d1ca2df2474c6e3a00ab3e720462:0x666 
0xcb37f4304de8d1ca2df2474c6e3a00ab3e720462:0x667 
0xcb37f4304de8d1ca2df2474c6e3a00ab3e720462:0x668 
0xcb37f4304de8d1ca2df2474c6e3a00ab3e720462:0x669 
0xcb37f4304de8d1ca2df2474c6e3a00ab3e720462:0x66a 
0xcb37f4304de8d1ca2df2474c6e3a00ab3e720462:0x66d 
0xcb37f4304de8d1ca2df2474c6e3a00ab3e720462:0x66f 
0xcb37f4304de8d1ca2df2474c6e3a00ab3e720462:0x670 
0xcb37f4304de8d1ca2df2474c6e3a00ab3e720462:0x671 
0xcb37f4304de8d1ca2df2474c6e3a00ab3e720462:0x672 
0xcb37f4304de8d1ca2df2474c6e3a00ab3e720462:0x675 
0xcb37f4304de8d1ca2df2474c6e3a00ab3e720462:0x652 
0xcb37f4304de8d1ca2df2474c6e3a00ab3e720462:0x653 
0xcb37f4304de8d1ca2df2474c6e3a00ab3e720462:0x656 
0xcb37f4304de8d1ca2df2474c6e3a00ab3e720462:0x657 
0xcb37f4304de8d1ca2df2474c6e3a00ab3e720462:0x65a 
0xcb37f4304de8d1ca2df2474c6e3a00ab3e720462:0x640 
0xcb37f4304de8d1ca2df2474c6e3a00ab3e720462:0x641 
0xcb37f4304de8d1ca2df2474c6e3a00ab3e720462:0x643 
0xcb37f4304de8d1ca2df2474c6e3a00ab3e720462:0x646 
0xcb37f4304de8d1ca2df2474c6e3a00ab3e720462:0x647 
0xcb37f4304de8d1ca2df2474c6e3a00ab3e720462:0x64a 
0xcb37f4304de8d1ca2df2474c6e3a00ab3e720462:0x581 
0xcb37f4304de8d1ca2df2474c6e3a00ab3e720462:0x582 
0xcb37f4304de8d1ca2df2474c6e3a00ab3e720462:0x584 
0xcb37f4304de8d1ca2df2474c6e3a00ab3e720462:0x599 
0xcb37f4304de8d1ca2df2474c6e3a00ab3e720462:0x59a 
0xcb37f4304de8d1ca2df2474c6e3a00ab3e720462:0x59b 
0xcb37f4304de8d1ca2df2474c6e3a00ab3e720462:0x59c 
0xcb37f4304de8d1ca2df2474c6e3a00ab3e720462:0x59d 
0xcb37f4304de8d1ca2df2474c6e3a00ab3e720462:0x59e 
0xcb37f4304de8d1ca2df2474c6e3a00ab3e720462:0x59f 
0xcb37f4304de8d1ca2df2474c6e3a00ab3e720462:0x5a0 
0xcb37f4304de8d1ca2df2474c6e3a00ab3e720462:0x64b 
0xcb37f4304de8d1ca2df2474c6e3a00ab3e720462:0x64c 
0xcb37f4304de8d1ca2df2474c6e3a00ab3e720462:0x64d 
0xcb37f4304de8d1ca2df2474c6e3a00ab3e720462:0x64e 
0xcb37f4304de8d1ca2df2474c6e3a00ab3e720462:0x64f 
0xcb37f4304de8d1ca2df2474c6e3a00ab3e720462:0x650 
0xcb37f4304de8d1ca2df2474c6e3a00ab3e720462:0x651 
0xcb37f4304de8d1ca2df2474c6e3a00ab3e720462:0x65b 
0xcb37f4304de8d1ca2df2474c6e3a00ab3e720462:0x65c 
0xcb37f4304de8d1ca2df2474c6e3a00ab3e720462:0x65d 
0xcb37f4304de8d1ca2df2474c6e3a00ab3e720462:0x65e 
0xcb37f4304de8d1ca2df2474c6e3a00ab3e720462:0x65f 
0xcb37f4304de8d1ca2df2474c6e3a00ab3e720462:0x660 
0xcb37f4304de8d1ca2df2474c6e3a00ab3e720462:0x676 
0xcb37f4304de8d1ca2df2474c6e3a00ab3e720462:0x677 
0xcb37f4304de8d1ca2df2474c6e3a00ab3e720462:0x678 
0xcb37f4304de8d1ca2df2474c6e3a00ab3e720462:0x679 
0xcb37f4304de8d1ca2df2474c6e3a00ab3e720462:0x67a 
0xcb37f4304de8d1ca2df2474c6e3a00ab3e720462:0x67b 
0xcb37f4304de8d1ca2df2474c6e3a00ab3e720462:0x194 
0xcb37f4304de8d1ca2df2474c6e3a00ab3e720462:0x195 
0xcb37f4304de8d1ca2df2474c6e3a00ab3e720462:0x197 
0xcb37f4304de8d1ca2df2474c6e3a00ab3e720462:0x198 
0xcb37f4304de8d1ca2df2474c6e3a00ab3e720462:0x199 
0xcb37f4304de8d1ca2df2474c6e3a00ab3e720462:0x19a 
0xcb37f4304de8d1ca2df2474c6e3a00ab3e720462:0x19b 
0xcb37f4304de8d1ca2df2474c6e3a00ab3e720462:0x19c 
